--- Copying all files to /root/.m2 at Mon Oct 13 10:47:43 AM UTC 2025
'./settings-docker.xml' -> '/root/.m2/./settings-docker.xml'

--- Copying individual files to /root/.m2 at Mon Oct 13 12:09:08 PM UTC 2025

--- Copying individual files to /root/.m2 at Mon Oct 13 12:16:47 PM UTC 2025

--- Copying individual files to /root/.m2 at Mon Oct 13 12:19:11 PM UTC 2025

--- Copying individual files to /root/.m2 at Mon Oct 13 12:20:50 PM UTC 2025

--- Copying individual files to /root/.m2 at Mon Oct 13 12:23:23 PM UTC 2025

--- Copying individual files to /root/.m2 at Mon Oct 13 12:25:20 PM UTC 2025

--- Copying individual files to /root/.m2 at Mon Oct 13 12:52:42 PM UTC 2025

--- Copying individual files to /root/.m2 at Mon Oct 13 12:54:25 PM UTC 2025

--- Copying individual files to /root/.m2 at Mon Oct 13 12:56:38 PM UTC 2025

--- Copying individual files to /root/.m2 at Mon Oct 13 12:58:49 PM UTC 2025

--- Copying individual files to /root/.m2 at Mon Oct 13 01:12:46 PM UTC 2025

--- Copying individual files to /root/.m2 at Mon Oct 13 01:24:49 PM UTC 2025

--- Copying individual files to /root/.m2 at Mon Oct 13 01:39:43 PM UTC 2025

--- Copying individual files to /root/.m2 at Mon Oct 13 03:03:56 PM UTC 2025

--- Copying individual files to /root/.m2 at Mon Oct 13 03:22:42 PM UTC 2025

--- Copying individual files to /root/.m2 at Mon Oct 13 03:47:51 PM UTC 2025

--- Copying individual files to /root/.m2 at Tue Oct 14 07:17:56 AM UTC 2025

--- Copying individual files to /root/.m2 at Tue Oct 14 07:23:39 AM UTC 2025

--- Copying individual files to /root/.m2 at Tue Oct 14 08:03:30 AM UTC 2025

--- Copying individual files to /root/.m2 at Tue Oct 14 08:05:17 AM UTC 2025

--- Copying individual files to /root/.m2 at Tue Oct 14 08:07:32 AM UTC 2025

--- Copying individual files to /root/.m2 at Tue Oct 14 08:08:59 AM UTC 2025

--- Copying individual files to /root/.m2 at Tue Oct 14 08:09:56 AM UTC 2025

--- Copying individual files to /root/.m2 at Tue Oct 14 08:11:53 AM UTC 2025

--- Copying individual files to /root/.m2 at Tue Oct 14 08:15:57 AM UTC 2025

--- Copying individual files to /root/.m2 at Tue Oct 14 08:30:19 AM UTC 2025

--- Copying individual files to /root/.m2 at Tue Oct 14 08:35:16 AM UTC 2025

--- Copying individual files to /root/.m2 at Tue Oct 14 08:43:23 AM UTC 2025

--- Copying individual files to /root/.m2 at Tue Oct 14 08:45:06 AM UTC 2025

--- Copying individual files to /root/.m2 at Tue Oct 14 10:11:59 AM UTC 2025

--- Copying individual files to /root/.m2 at Tue Oct 14 12:13:53 PM UTC 2025

--- Copying individual files to /root/.m2 at Tue Oct 14 01:26:05 PM UTC 2025

--- Copying individual files to /root/.m2 at Tue Oct 14 01:28:36 PM UTC 2025

--- Copying individual files to /root/.m2 at Tue Oct 14 01:35:17 PM UTC 2025

--- Copying individual files to /root/.m2 at Tue Oct 14 01:38:48 PM UTC 2025

--- Copying individual files to /root/.m2 at Tue Oct 14 01:41:44 PM UTC 2025

--- Copying individual files to /root/.m2 at Tue Oct 14 01:43:00 PM UTC 2025

--- Copying individual files to /root/.m2 at Tue Oct 14 01:44:05 PM UTC 2025

--- Copying individual files to /root/.m2 at Tue Oct 14 01:44:29 PM UTC 2025

--- Copying individual files to /root/.m2 at Tue Oct 14 01:49:58 PM UTC 2025

--- Copying individual files to /root/.m2 at Tue Oct 14 01:59:15 PM UTC 2025

--- Copying individual files to /root/.m2 at Tue Oct 14 02:01:27 PM UTC 2025

--- Copying individual files to /root/.m2 at Tue Oct 14 02:12:23 PM UTC 2025

--- Copying individual files to /root/.m2 at Wed Oct 15 01:08:56 PM UTC 2025

--- Copying individual files to /root/.m2 at Thu Oct 16 01:36:52 PM UTC 2025

--- Copying individual files to /root/.m2 at Thu Oct 16 01:51:17 PM UTC 2025

--- Copying individual files to /root/.m2 at Thu Oct 16 06:48:02 PM UTC 2025

--- Copying individual files to /root/.m2 at Thu Oct 16 08:04:33 PM UTC 2025

--- Copying individual files to /root/.m2 at Fri Oct 17 08:32:27 AM UTC 2025

--- Copying individual files to /root/.m2 at Fri Oct 17 10:18:53 AM UTC 2025

